TestApp/app/build/outputs/logs/manifest-merger-debug-report.txt
-- Merging decision tree log ---
manifest
ADDED from src\main\AndroidManifest.xml:1:1-98:12
	package
		ADDED from src\main\AndroidManifest.xml:3:11-39
	android:versionName
		INJECTED from src\main\AndroidManifest.xml
		INJECTED from src\main\AndroidManifest.xml
	xmlns:android
		ADDED from src\main\AndroidManifest.xml:1:11-69
	android:versionCode
		INJECTED from src\main\AndroidManifest.xml
		INJECTED from src\main\AndroidManifest.xml
application
ADDED from src\main\AndroidManifest.xml:6:5-84:19
MERGED from [TestApp:mylibrary:unspecified] AndroidManifest.xml:11:5-15:19
MERGED from [com.android.support:design:23.2.0] AndroidManifest.xml:22:5-20
MERGED from [com.android.support:appcompat-v7:23.4.0] AndroidManifest.xml:25:5-20
MERGED from [com.android.support:animated-vector-drawable:23.4.0] AndroidManifest.xml:7:5-20
MERGED from [com.android.support:support-vector-drawable:23.4.0] AndroidManifest.xml:7:5-20
MERGED from [com.tbruyelle.rxpermissions:rxpermissions:0.7.0] AndroidManifest.xml:10:5-15:19
MERGED from [com.android.support:support-v4:23.4.0] AndroidManifest.xml:22:5-20
	android:label
		ADDED from src\main\AndroidManifest.xml:9:9-41
	android:supportsRtl
		ADDED from src\main\AndroidManifest.xml:11:9-35
	android:allowBackup
		ADDED from src\main\AndroidManifest.xml:7:9-35
	android:icon
		ADDED from src\main\AndroidManifest.xml:8:9-43
	android:theme
		ADDED from src\main\AndroidManifest.xml:12:9-40
	android:name
		ADDED from src\main\AndroidManifest.xml:10:9-39
activity#art.xx.com.testapp.MainActivity
ADDED from src\main\AndroidManifest.xml:14:9-19:20
	android:name
		ADDED from src\main\AndroidManifest.xml:14:19-47
intent-filter#android.intent.action.MAIN+android.intent.category.LAUNCHER
ADDED from src\main\AndroidManifest.xml:15:13-18:29
action#android.intent.action.MAIN
ADDED from src\main\AndroidManifest.xml:16:17-69
	android:name
		ADDED from src\main\AndroidManifest.xml:16:25-66
category#android.intent.category.LAUNCHER
ADDED from src\main\AndroidManifest.xml:17:17-77
	android:name
		ADDED from src\main\AndroidManifest.xml:17:27-74
activity#art.xx.com.testapp.ProcessActivity
ADDED from src\main\AndroidManifest.xml:20:9-22:20
	android:process
		ADDED from src\main\AndroidManifest.xml:21:13-43
	android:name
		ADDED from src\main\AndroidManifest.xml:20:19-50
activity#art.xx.com.testapp.BdActivity
ADDED from src\main\AndroidManifest.xml:23:9-28:20
	android:name
		ADDED from src\main\AndroidManifest.xml:23:19-45
activity#com.xx.concurrent.ThreadActivity
ADDED from src\main\AndroidManifest.xml:29:9-34:20
	android:name
		ADDED from src\main\AndroidManifest.xml:29:19-66
activity#com.xx.map.MapActivity
ADDED from src\main\AndroidManifest.xml:35:9-40:20
	android:name
		ADDED from src\main\AndroidManifest.xml:35:19-56
activity#com.xx.mult.MultActivity
ADDED from src\main\AndroidManifest.xml:41:9-46:20
	android:name
		ADDED from src\main\AndroidManifest.xml:41:19-58
activity#com.xx.material.MaterialActivity
ADDED from src\main\AndroidManifest.xml:47:9-52:20
	android:name
		ADDED from src\main\AndroidManifest.xml:47:19-66
activity#com.xx.sms.SmsActivity
ADDED from src\main\AndroidManifest.xml:53:9-58:20
	android:name
		ADDED from src\main\AndroidManifest.xml:53:19-56
activity#com.xx.conn.ConnectionActivity
ADDED from src\main\AndroidManifest.xml:59:9-64:20
	android:name
		ADDED from src\main\AndroidManifest.xml:59:19-64
activity#art.xx.com.testapp.RxActivity
ADDED from src\main\AndroidManifest.xml:65:9-70:20
	android:name
		ADDED from src\main\AndroidManifest.xml:65:19-45
activity#art.xx.com.testapp.WebActivity
ADDED from src\main\AndroidManifest.xml:71:9-73:15
	android:process
		ADDED from src\main\AndroidManifest.xml:72:19-41
	android:name
		ADDED from src\main\AndroidManifest.xml:71:19-46
service#com.xx.process.ChuangkeService
ADDED from src\main\AndroidManifest.xml:76:9-78:15
	android:process
		ADDED from src\main\AndroidManifest.xml:77:13-43
	android:name
		ADDED from src\main\AndroidManifest.xml:76:18-63
receiver#com.xx.sms.SmsReceiver
ADDED from src\main\AndroidManifest.xml:79:9-83:20
	android:name
		ADDED from src\main\AndroidManifest.xml:79:19-56
intent-filter#android.provider.Telephony.SMS_RECEIVED
ADDED from src\main\AndroidManifest.xml:80:13-82:29
action#android.provider.Telephony.SMS_RECEIVED
ADDED from src\main\AndroidManifest.xml:81:17-81
	android:name
		ADDED from src\main\AndroidManifest.xml:81:25-79
uses-permission#android.permission.INTERNET
ADDED from src\main\AndroidManifest.xml:86:5-66
	android:name
		ADDED from src\main\AndroidManifest.xml:86:22-64
uses-permission#android.permission.WRITE_EXTERNAL_STORAGE
ADDED from src\main\AndroidManifest.xml:87:5-81
	android:name
		ADDED from src\main\AndroidManifest.xml:87:22-78
uses-permission#android.permission.ACCESS_NETWORK_STATE
ADDED from src\main\AndroidManifest.xml:88:5-79
	android:name
		ADDED from src\main\AndroidManifest.xml:88:22-76
uses-permission#android.permission.ACCESS_WIFI_STATE
ADDED from src\main\AndroidManifest.xml:89:5-76
	android:name
		ADDED from src\main\AndroidManifest.xml:89:22-73
uses-permission#android.permission.READ_PHONE_STATE
ADDED from src\main\AndroidManifest.xml:90:5-75
	android:name
		ADDED from src\main\AndroidManifest.xml:90:22-72
uses-permission#android.permission.RECEIVE_SMS
ADDED from src\main\AndroidManifest.xml:93:5-70
	android:name
		ADDED from src\main\AndroidManifest.xml:93:22-67
uses-permission#art.test.per
ADDED from src\main\AndroidManifest.xml:94:5-52
	android:name
		ADDED from src\main\AndroidManifest.xml:94:22-49
permission#art.test.per
ADDED from src\main\AndroidManifest.xml:96:5-97:43
	android:protectionLevel
		ADDED from src\main\AndroidManifest.xml:97:9-41
	android:name
		ADDED from src\main\AndroidManifest.xml:96:17-44
uses-sdk
INJECTED from src\main\AndroidManifest.xml reason: use-sdk injection requested
MERGED from [TestApp:mylibrary:unspecified] AndroidManifest.xml:7:5-9:41
MERGED from [pl.droidsonroids.gif:android-gif-drawable:1.2.2] AndroidManifest.xml:7:5-9:41
MERGED from [com.android.support:design:23.2.0] AndroidManifest.xml:20:5-43
MERGED from [com.android.support:recyclerview-v7:23.2.0] AndroidManifest.xml:20:5-43
MERGED from [com.android.support:appcompat-v7:23.4.0] AndroidManifest.xml:21:5-23:78
MERGED from [com.android.support:animated-vector-drawable:23.4.0] AndroidManifest.xml:5:5-44
MERGED from [com.android.support:support-vector-drawable:23.4.0] AndroidManifest.xml:5:5-43
MERGED from [com.tbruyelle.rxpermissions:rxpermissions:0.7.0] AndroidManifest.xml:6:5-8:41
MERGED from [io.reactivex:rxandroid:1.2.1] AndroidManifest.xml:19:5-43
MERGED from [com.android.databinding:adapters:1.3.1] AndroidManifest.xml:22:5-24:41
MERGED from [com.android.databinding:library:1.3.1] AndroidManifest.xml:22:5-24:41
MERGED from [com.android.support:support-v4:23.4.0] AndroidManifest.xml:20:5-43
	tools:overrideLibrary
		ADDED from [com.android.support:appcompat-v7:23.4.0] AndroidManifest.xml:23:9-75
	android:targetSdkVersion
		INJECTED from src\main\AndroidManifest.xml
		INJECTED from src\main\AndroidManifest.xml
	android:minSdkVersion
		INJECTED from src\main\AndroidManifest.xml
		INJECTED from src\main\AndroidManifest.xml
activity#com.tbruyelle.rxpermissions.ShadowActivity
ADDED from [com.tbruyelle.rxpermissions:rxpermissions:0.7.0] AndroidManifest.xml:11:9-14:75
	android:launchMode
		ADDED from [com.tbruyelle.rxpermissions:rxpermissions:0.7.0] AndroidManifest.xml:13:13-43
	android:theme
		ADDED from [com.tbruyelle.rxpermissions:rxpermissions:0.7.0] AndroidManifest.xml:14:13-72
	android:name
		ADDED from [com.tbruyelle.rxpermissions:rxpermissions:0.7.0] AndroidManifest.xml:12:13-70